[2025-07-06 13:37:26] Using bank 3229 as reference with 19 file types.
[2025-07-06 13:37:26] ✅ All banks have consistent file sets.
[2025-07-06 13:37:38] ✅ Saved PM Excel: /home/e787335/Git/data-scraper/Out_Exel_Exports_20250706/1084_20250706.xlsx
[2025-07-06 13:37:56] ✅ Enriched BM data with PAC for bank 1084
[2025-07-06 13:37:56] ✅ Saved BM Excel: /home/e787335/Git/data-scraper/Out_Exel_Exports_20250706/1084_BM_20250706.xlsx
[2025-07-06 13:38:15] ✅ Saved PM Excel: /home/e787335/Git/data-scraper/Out_Exel_Exports_20250706/1801_20250706.xlsx
[2025-07-06 13:38:40] ✅ Enriched BM data with PAC for bank 1801
[2025-07-06 13:38:41] ✅ Saved BM Excel: /home/e787335/Git/data-scraper/Out_Exel_Exports_20250706/1801_BM_20250706.xlsx
[2025-07-06 13:38:51] ✅ Saved PM Excel: /home/e787335/Git/data-scraper/Out_Exel_Exports_20250706/2085_20250706.xlsx
[2025-07-06 13:39:10] ✅ Enriched BM data with PAC for bank 2085
[2025-07-06 13:39:11] ✅ Saved BM Excel: /home/e787335/Git/data-scraper/Out_Exel_Exports_20250706/2085_BM_20250706.xlsx
[2025-07-06 13:39:23] ✅ Saved PM Excel: /home/e787335/Git/data-scraper/Out_Exel_Exports_20250706/2096_20250706.xlsx
[2025-07-06 13:39:42] ✅ Enriched BM data with PAC for bank 2096
[2025-07-06 13:39:43] ✅ Saved BM Excel: /home/e787335/Git/data-scraper/Out_Exel_Exports_20250706/2096_BM_20250706.xlsx
[2025-07-06 13:39:56] ✅ Saved PM Excel: /home/e787335/Git/data-scraper/Out_Exel_Exports_20250706/2289_20250706.xlsx
[2025-07-06 13:40:16] ✅ Enriched BM data with PAC for bank 2289
[2025-07-06 13:40:16] ✅ Saved BM Excel: /home/e787335/Git/data-scraper/Out_Exel_Exports_20250706/2289_BM_20250706.xlsx
[2025-07-06 13:40:28] ✅ Saved PM Excel: /home/e787335/Git/data-scraper/Out_Exel_Exports_20250706/2329_20250706.xlsx
[2025-07-06 13:40:48] ✅ Enriched BM data with PAC for bank 2329
[2025-07-06 13:40:48] ✅ Saved BM Excel: /home/e787335/Git/data-scraper/Out_Exel_Exports_20250706/2329_BM_20250706.xlsx
[2025-07-06 13:41:01] ✅ Saved PM Excel: /home/e787335/Git/data-scraper/Out_Exel_Exports_20250706/2489_20250706.xlsx
[2025-07-06 13:41:24] ✅ Enriched BM data with PAC for bank 2489
[2025-07-06 13:41:24] ✅ Saved BM Excel: /home/e787335/Git/data-scraper/Out_Exel_Exports_20250706/2489_BM_20250706.xlsx
[2025-07-06 13:41:40] ✅ Saved PM Excel: /home/e787335/Git/data-scraper/Out_Exel_Exports_20250706/3229_20250706.xlsx
[2025-07-06 13:42:05] ✅ Enriched BM data with PAC for bank 3229
[2025-07-06 13:42:06] ✅ Saved BM Excel: /home/e787335/Git/data-scraper/Out_Exel_Exports_20250706/3229_BM_20250706.xlsx
[2025-07-06 13:42:20] ✅ Saved PM Excel: /home/e787335/Git/data-scraper/Out_Exel_Exports_20250706/3702_20250706.xlsx
[2025-07-06 13:42:42] ✅ Enriched BM data with PAC for bank 3702
[2025-07-06 13:42:42] ✅ Saved BM Excel: /home/e787335/Git/data-scraper/Out_Exel_Exports_20250706/3702_BM_20250706.xlsx
[2025-07-06 13:42:55] ✅ Saved PM Excel: /home/e787335/Git/data-scraper/Out_Exel_Exports_20250706/3920_20250706.xlsx
[2025-07-06 13:43:15] ✅ Enriched BM data with PAC for bank 3920
[2025-07-06 13:43:15] ✅ Saved BM Excel: /home/e787335/Git/data-scraper/Out_Exel_Exports_20250706/3920_BM_20250706.xlsx
[2025-07-06 13:43:30] ✅ Saved PM Excel: /home/e787335/Git/data-scraper/Out_Exel_Exports_20250706/4210_20250706.xlsx
[2025-07-06 13:43:56] ✅ Enriched BM data with PAC for bank 4210
[2025-07-06 13:43:57] ✅ Saved BM Excel: /home/e787335/Git/data-scraper/Out_Exel_Exports_20250706/4210_BM_20250706.xlsx
[2025-07-06 13:44:09] ✅ Saved PM Excel: /home/e787335/Git/data-scraper/Out_Exel_Exports_20250706/4519_20250706.xlsx
[2025-07-06 13:44:30] ✅ Enriched BM data with PAC for bank 4519
[2025-07-06 13:44:30] ✅ Saved BM Excel: /home/e787335/Git/data-scraper/Out_Exel_Exports_20250706/4519_BM_20250706.xlsx
[2025-07-06 13:44:45] ✅ Saved PM Excel: /home/e787335/Git/data-scraper/Out_Exel_Exports_20250706/4702_20250706.xlsx
[2025-07-06 13:45:09] ✅ Enriched BM data with PAC for bank 4702
[2025-07-06 13:45:10] ✅ Saved BM Excel: /home/e787335/Git/data-scraper/Out_Exel_Exports_20250706/4702_BM_20250706.xlsx
[2025-07-06 13:57:02] Using bank 3229 as reference with 19 file types.
[2025-07-06 13:57:02] ✅ All banks have consistent file sets.
[2025-07-06 13:57:14] ✅ Saved PM Excel: /home/e787335/Git/data-scraper/Out_Exel_Exports_20250706/1084_20250706.xlsx
[2025-07-06 13:57:34] ✅ Enriched BM data with PAC for bank 1084
[2025-07-06 13:57:34] ✅ Saved BM Excel: /home/e787335/Git/data-scraper/Out_Exel_Exports_20250706/1084_BM_20250706.xlsx
[2025-07-06 13:57:55] ✅ Saved PM Excel: /home/e787335/Git/data-scraper/Out_Exel_Exports_20250706/1801_20250706.xlsx
[2025-07-06 13:58:43] ✅ Enriched BM data with PAC for bank 1801
[2025-07-06 13:58:44] ✅ Saved BM Excel: /home/e787335/Git/data-scraper/Out_Exel_Exports_20250706/1801_BM_20250706.xlsx
[2025-07-06 13:59:04] ✅ Saved PM Excel: /home/e787335/Git/data-scraper/Out_Exel_Exports_20250706/2085_20250706.xlsx
[2025-07-06 13:59:40] ✅ Enriched BM data with PAC for bank 2085
[2025-07-06 13:59:40] ✅ Saved BM Excel: /home/e787335/Git/data-scraper/Out_Exel_Exports_20250706/2085_BM_20250706.xlsx
[2025-07-06 14:00:03] ✅ Saved PM Excel: /home/e787335/Git/data-scraper/Out_Exel_Exports_20250706/2096_20250706.xlsx
[2025-07-06 14:00:37] ✅ Enriched BM data with PAC for bank 2096
[2025-07-06 14:00:38] ✅ Saved BM Excel: /home/e787335/Git/data-scraper/Out_Exel_Exports_20250706/2096_BM_20250706.xlsx
[2025-07-06 14:01:01] ✅ Saved PM Excel: /home/e787335/Git/data-scraper/Out_Exel_Exports_20250706/2289_20250706.xlsx
[2025-07-06 14:01:35] ✅ Enriched BM data with PAC for bank 2289
[2025-07-06 14:01:36] ✅ Saved BM Excel: /home/e787335/Git/data-scraper/Out_Exel_Exports_20250706/2289_BM_20250706.xlsx
[2025-07-06 14:01:57] ✅ Saved PM Excel: /home/e787335/Git/data-scraper/Out_Exel_Exports_20250706/2329_20250706.xlsx
[2025-07-06 14:02:30] ✅ Enriched BM data with PAC for bank 2329
[2025-07-06 14:02:30] ✅ Saved BM Excel: /home/e787335/Git/data-scraper/Out_Exel_Exports_20250706/2329_BM_20250706.xlsx
[2025-07-06 14:02:53] ✅ Saved PM Excel: /home/e787335/Git/data-scraper/Out_Exel_Exports_20250706/2489_20250706.xlsx
[2025-07-06 14:03:30] ✅ Enriched BM data with PAC for bank 2489
[2025-07-06 14:03:31] ✅ Saved BM Excel: /home/e787335/Git/data-scraper/Out_Exel_Exports_20250706/2489_BM_20250706.xlsx
[2025-07-06 14:03:57] ✅ Saved PM Excel: /home/e787335/Git/data-scraper/Out_Exel_Exports_20250706/3229_20250706.xlsx
[2025-07-06 14:04:40] ✅ Enriched BM data with PAC for bank 3229
[2025-07-06 14:04:41] ✅ Saved BM Excel: /home/e787335/Git/data-scraper/Out_Exel_Exports_20250706/3229_BM_20250706.xlsx
[2025-07-06 14:05:05] ✅ Saved PM Excel: /home/e787335/Git/data-scraper/Out_Exel_Exports_20250706/3702_20250706.xlsx
[2025-07-06 14:05:39] ✅ Enriched BM data with PAC for bank 3702
[2025-07-06 14:05:40] ✅ Saved BM Excel: /home/e787335/Git/data-scraper/Out_Exel_Exports_20250706/3702_BM_20250706.xlsx
[2025-07-06 14:06:01] ✅ Saved PM Excel: /home/e787335/Git/data-scraper/Out_Exel_Exports_20250706/3920_20250706.xlsx
[2025-07-06 14:06:34] ✅ Enriched BM data with PAC for bank 3920
[2025-07-06 14:06:34] ✅ Saved BM Excel: /home/e787335/Git/data-scraper/Out_Exel_Exports_20250706/3920_BM_20250706.xlsx
[2025-07-06 14:06:59] ✅ Saved PM Excel: /home/e787335/Git/data-scraper/Out_Exel_Exports_20250706/4210_20250706.xlsx
[2025-07-06 14:07:40] ✅ Enriched BM data with PAC for bank 4210
[2025-07-06 14:07:41] ✅ Saved BM Excel: /home/e787335/Git/data-scraper/Out_Exel_Exports_20250706/4210_BM_20250706.xlsx
[2025-07-06 14:08:03] ✅ Saved PM Excel: /home/e787335/Git/data-scraper/Out_Exel_Exports_20250706/4519_20250706.xlsx
[2025-07-06 14:08:35] ✅ Enriched BM data with PAC for bank 4519
[2025-07-06 14:08:36] ✅ Saved BM Excel: /home/e787335/Git/data-scraper/Out_Exel_Exports_20250706/4519_BM_20250706.xlsx
[2025-07-06 14:09:01] ✅ Saved PM Excel: /home/e787335/Git/data-scraper/Out_Exel_Exports_20250706/4702_20250706.xlsx
[2025-07-06 14:09:40] ✅ Enriched BM data with PAC for bank 4702
[2025-07-06 14:09:41] ✅ Saved BM Excel: /home/e787335/Git/data-scraper/Out_Exel_Exports_20250706/4702_BM_20250706.xlsx
[2025-07-06 14:26:24] Using bank 3229 as reference with 19 file types.
[2025-07-06 14:26:24] ✅ All banks have consistent file sets.
[2025-07-06 14:26:24] ❌ Error during PM flow for bank 1084: No module named 'flows'
[2025-07-06 14:26:24] ❌ Error during BM flow for bank 1084: No module named 'flows'
[2025-07-06 14:26:24] ❌ Error during PM flow for bank 1801: No module named 'flows'
[2025-07-06 14:26:24] ❌ Error during BM flow for bank 1801: No module named 'flows'
[2025-07-06 14:26:24] ❌ Error during PM flow for bank 2085: No module named 'flows'
[2025-07-06 14:26:24] ❌ Error during BM flow for bank 2085: No module named 'flows'
[2025-07-06 14:26:24] ❌ Error during PM flow for bank 2096: No module named 'flows'
[2025-07-06 14:26:24] ❌ Error during BM flow for bank 2096: No module named 'flows'
[2025-07-06 14:26:24] ❌ Error during PM flow for bank 2289: No module named 'flows'
[2025-07-06 14:26:24] ❌ Error during BM flow for bank 2289: No module named 'flows'
[2025-07-06 14:26:24] ❌ Error during PM flow for bank 2329: No module named 'flows'
[2025-07-06 14:26:24] ❌ Error during BM flow for bank 2329: No module named 'flows'
[2025-07-06 14:26:24] ❌ Error during PM flow for bank 2489: No module named 'flows'
[2025-07-06 14:26:24] ❌ Error during BM flow for bank 2489: No module named 'flows'
[2025-07-06 14:26:24] ❌ Error during PM flow for bank 3229: No module named 'flows'
[2025-07-06 14:26:24] ❌ Error during BM flow for bank 3229: No module named 'flows'
[2025-07-06 14:26:24] ❌ Error during PM flow for bank 3702: No module named 'flows'
[2025-07-06 14:26:24] ❌ Error during BM flow for bank 3702: No module named 'flows'
[2025-07-06 14:26:24] ❌ Error during PM flow for bank 3920: No module named 'flows'
[2025-07-06 14:26:24] ❌ Error during BM flow for bank 3920: No module named 'flows'
[2025-07-06 14:26:24] ❌ Error during PM flow for bank 4210: No module named 'flows'
[2025-07-06 14:26:24] ❌ Error during BM flow for bank 4210: No module named 'flows'
[2025-07-06 14:26:24] ❌ Error during PM flow for bank 4519: No module named 'flows'
[2025-07-06 14:26:24] ❌ Error during BM flow for bank 4519: No module named 'flows'
[2025-07-06 14:26:24] ❌ Error during PM flow for bank 4702: No module named 'flows'
[2025-07-06 14:26:24] ❌ Error during BM flow for bank 4702: No module named 'flows'

📦 Script Summary
   - Processed 0 banks

[2025-07-06 14:32:16] Using bank 3229 as reference with 19 file types.
[2025-07-06 14:32:16] ✅ All banks have consistent file sets.
[2025-07-06 14:45:16] Using bank 3229 as reference with 19 file types.
[2025-07-06 14:45:16] ✅ All banks have consistent file sets.
[2025-07-06 14:45:16] ❌ Error during PM flow for bank 1084: name 'run_pm_flow' is not defined
[2025-07-06 14:45:16] ❌ Error during BM flow for bank 1084: name 'run_bm_flow' is not defined
[2025-07-06 14:45:16] ❌ Error during PM flow for bank 1801: name 'run_pm_flow' is not defined
[2025-07-06 14:45:16] ❌ Error during BM flow for bank 1801: name 'run_bm_flow' is not defined
[2025-07-06 14:45:16] ❌ Error during PM flow for bank 2085: name 'run_pm_flow' is not defined
[2025-07-06 14:45:16] ❌ Error during BM flow for bank 2085: name 'run_bm_flow' is not defined
[2025-07-06 14:45:16] ❌ Error during PM flow for bank 2096: name 'run_pm_flow' is not defined
[2025-07-06 14:45:16] ❌ Error during BM flow for bank 2096: name 'run_bm_flow' is not defined
[2025-07-06 14:45:16] ❌ Error during PM flow for bank 2289: name 'run_pm_flow' is not defined
[2025-07-06 14:45:16] ❌ Error during BM flow for bank 2289: name 'run_bm_flow' is not defined
[2025-07-06 14:45:16] ❌ Error during PM flow for bank 2329: name 'run_pm_flow' is not defined
[2025-07-06 14:45:16] ❌ Error during BM flow for bank 2329: name 'run_bm_flow' is not defined
[2025-07-06 14:45:16] ❌ Error during PM flow for bank 2489: name 'run_pm_flow' is not defined
[2025-07-06 14:45:16] ❌ Error during BM flow for bank 2489: name 'run_bm_flow' is not defined
[2025-07-06 14:45:16] ❌ Error during PM flow for bank 3229: name 'run_pm_flow' is not defined
[2025-07-06 14:45:16] ❌ Error during BM flow for bank 3229: name 'run_bm_flow' is not defined
[2025-07-06 14:45:16] ❌ Error during PM flow for bank 3702: name 'run_pm_flow' is not defined
[2025-07-06 14:45:16] ❌ Error during BM flow for bank 3702: name 'run_bm_flow' is not defined
[2025-07-06 14:45:16] ❌ Error during PM flow for bank 3920: name 'run_pm_flow' is not defined
[2025-07-06 14:45:16] ❌ Error during BM flow for bank 3920: name 'run_bm_flow' is not defined
[2025-07-06 14:45:16] ❌ Error during PM flow for bank 4210: name 'run_pm_flow' is not defined
[2025-07-06 14:45:16] ❌ Error during BM flow for bank 4210: name 'run_bm_flow' is not defined
[2025-07-06 14:45:16] ❌ Error during PM flow for bank 4519: name 'run_pm_flow' is not defined
[2025-07-06 14:45:16] ❌ Error during BM flow for bank 4519: name 'run_bm_flow' is not defined
[2025-07-06 14:45:16] ❌ Error during PM flow for bank 4702: name 'run_pm_flow' is not defined
[2025-07-06 14:45:16] ❌ Error during BM flow for bank 4702: name 'run_bm_flow' is not defined

📦 Script Summary
   - Processed 0 banks

[2025-07-06 14:46:41] Using bank 3229 as reference with 19 file types.
[2025-07-06 14:46:41] ✅ All banks have consistent file sets.
[2025-07-06 14:47:01] ✅ Saved PM Excel: /home/e787335/Git/data-scraper/Out_Exel_Exports_20250706/1084_20250706.xlsx
[2025-07-06 14:47:03] ❌ Error during BM flow for bank 1084: name 'enrich_with_pac_data' is not defined
[2025-07-06 14:47:26] ✅ Saved PM Excel: /home/e787335/Git/data-scraper/Out_Exel_Exports_20250706/1801_20250706.xlsx
[2025-07-06 14:47:31] ❌ Error during BM flow for bank 1801: name 'enrich_with_pac_data' is not defined
[2025-07-06 14:47:45] ✅ Saved PM Excel: /home/e787335/Git/data-scraper/Out_Exel_Exports_20250706/2085_20250706.xlsx
[2025-07-06 14:47:46] ❌ Error during BM flow for bank 2085: name 'enrich_with_pac_data' is not defined
[2025-07-06 14:48:05] ✅ Saved PM Excel: /home/e787335/Git/data-scraper/Out_Exel_Exports_20250706/2096_20250706.xlsx
[2025-07-06 14:48:06] ❌ Error during BM flow for bank 2096: name 'enrich_with_pac_data' is not defined
[2025-07-06 14:48:26] ✅ Saved PM Excel: /home/e787335/Git/data-scraper/Out_Exel_Exports_20250706/2289_20250706.xlsx
[2025-07-06 14:48:27] ❌ Error during BM flow for bank 2289: name 'enrich_with_pac_data' is not defined
[2025-07-06 14:51:29] Using bank 3229 as reference with 19 file types.
[2025-07-06 14:51:29] ✅ All banks have consistent file sets.
[2025-07-06 14:51:49] ✅ Saved PM Excel: /home/e787335/Git/data-scraper/Out_Exel_Exports_20250706/1084_20250706.xlsx
[2025-07-06 14:52:19] ✅ Enriched BM data with PAC for bank 1084
[2025-07-06 14:52:19] ✅ Saved BM Excel: /home/e787335/Git/data-scraper/Out_Exel_Exports_20250706/1084_BM_20250706.xlsx
[2025-07-06 14:52:42] ✅ Saved PM Excel: /home/e787335/Git/data-scraper/Out_Exel_Exports_20250706/1801_20250706.xlsx
[2025-07-06 14:53:17] ✅ Enriched BM data with PAC for bank 1801
[2025-07-06 14:53:18] ✅ Saved BM Excel: /home/e787335/Git/data-scraper/Out_Exel_Exports_20250706/1801_BM_20250706.xlsx
[2025-07-06 14:53:32] ✅ Saved PM Excel: /home/e787335/Git/data-scraper/Out_Exel_Exports_20250706/2085_20250706.xlsx
[2025-07-06 14:54:01] ✅ Enriched BM data with PAC for bank 2085
[2025-07-06 14:54:01] ✅ Saved BM Excel: /home/e787335/Git/data-scraper/Out_Exel_Exports_20250706/2085_BM_20250706.xlsx
[2025-07-06 14:54:19] ✅ Saved PM Excel: /home/e787335/Git/data-scraper/Out_Exel_Exports_20250706/2096_20250706.xlsx
[2025-07-06 14:54:48] ✅ Enriched BM data with PAC for bank 2096
[2025-07-06 14:54:48] ✅ Saved BM Excel: /home/e787335/Git/data-scraper/Out_Exel_Exports_20250706/2096_BM_20250706.xlsx
[2025-07-06 14:55:08] ✅ Saved PM Excel: /home/e787335/Git/data-scraper/Out_Exel_Exports_20250706/2289_20250706.xlsx
[2025-07-06 14:55:37] ✅ Enriched BM data with PAC for bank 2289
[2025-07-06 14:55:38] ✅ Saved BM Excel: /home/e787335/Git/data-scraper/Out_Exel_Exports_20250706/2289_BM_20250706.xlsx
[2025-07-06 14:55:56] ✅ Saved PM Excel: /home/e787335/Git/data-scraper/Out_Exel_Exports_20250706/2329_20250706.xlsx
[2025-07-06 14:56:24] ✅ Enriched BM data with PAC for bank 2329
[2025-07-06 14:56:25] ✅ Saved BM Excel: /home/e787335/Git/data-scraper/Out_Exel_Exports_20250706/2329_BM_20250706.xlsx
[2025-07-06 14:56:44] ✅ Saved PM Excel: /home/e787335/Git/data-scraper/Out_Exel_Exports_20250706/2489_20250706.xlsx
[2025-07-06 14:57:17] ✅ Enriched BM data with PAC for bank 2489
[2025-07-06 14:57:18] ✅ Saved BM Excel: /home/e787335/Git/data-scraper/Out_Exel_Exports_20250706/2489_BM_20250706.xlsx
[2025-07-06 14:57:41] ✅ Saved PM Excel: /home/e787335/Git/data-scraper/Out_Exel_Exports_20250706/3229_20250706.xlsx
[2025-07-06 14:58:19] ✅ Enriched BM data with PAC for bank 3229
[2025-07-06 14:58:21] ✅ Saved BM Excel: /home/e787335/Git/data-scraper/Out_Exel_Exports_20250706/3229_BM_20250706.xlsx
[2025-07-06 14:58:42] ✅ Saved PM Excel: /home/e787335/Git/data-scraper/Out_Exel_Exports_20250706/3702_20250706.xlsx
[2025-07-06 14:59:13] ✅ Enriched BM data with PAC for bank 3702
[2025-07-06 14:59:14] ✅ Saved BM Excel: /home/e787335/Git/data-scraper/Out_Exel_Exports_20250706/3702_BM_20250706.xlsx
[2025-07-06 14:59:33] ✅ Saved PM Excel: /home/e787335/Git/data-scraper/Out_Exel_Exports_20250706/3920_20250706.xlsx
[2025-07-06 15:00:02] ✅ Enriched BM data with PAC for bank 3920
[2025-07-06 15:00:03] ✅ Saved BM Excel: /home/e787335/Git/data-scraper/Out_Exel_Exports_20250706/3920_BM_20250706.xlsx
[2025-07-06 15:00:24] ✅ Saved PM Excel: /home/e787335/Git/data-scraper/Out_Exel_Exports_20250706/4210_20250706.xlsx
[2025-07-06 15:01:02] ✅ Enriched BM data with PAC for bank 4210
[2025-07-06 15:01:03] ✅ Saved BM Excel: /home/e787335/Git/data-scraper/Out_Exel_Exports_20250706/4210_BM_20250706.xlsx
[2025-07-06 15:01:23] ✅ Saved PM Excel: /home/e787335/Git/data-scraper/Out_Exel_Exports_20250706/4519_20250706.xlsx
[2025-07-06 15:01:52] ✅ Enriched BM data with PAC for bank 4519
[2025-07-06 15:01:53] ✅ Saved BM Excel: /home/e787335/Git/data-scraper/Out_Exel_Exports_20250706/4519_BM_20250706.xlsx
[2025-07-06 15:02:15] ✅ Saved PM Excel: /home/e787335/Git/data-scraper/Out_Exel_Exports_20250706/4702_20250706.xlsx
[2025-07-06 15:02:51] ✅ Enriched BM data with PAC for bank 4702
[2025-07-06 15:02:52] ✅ Saved BM Excel: /home/e787335/Git/data-scraper/Out_Exel_Exports_20250706/4702_BM_20250706.xlsx

📦 Script Summary
   - Processed 13 banks

🏦 Bank 1084:
   - Categories merged: 12
      ✅ BM-KUNDER MED DATTERAVTALE
      ✅ BM-KUNDER MED GARANTIKONTO
      ✅ BM-KUNDER MED LÅN
      ✅ BM-KUNDER MED kassekreditter
      ✅ KUNDER 18-34 ÅR UTEN BSU
      ✅ KUNDER MED BEVILGNING
      ✅ KUNDER MED KREDITTKORT
      ✅ KUNDER MED LÅN
      ✅ KUNDER MED UTENLANDSADRESSE
      ✅ KUNDER OVER 18 ÅR
      ✅ KUNDER OVER 18 ÅR MED D-NUMMER
      ✅ KUNDER UNDER 18 ÅR
   - Bank does not have category types: 5
      ⚠️ ITM.F1.F728BS91.B1084.VR.KONTO.CSV.BM
      ⚠️ ITM.F1.F728BS91.B1084.VRLAAN.CSV.BM
      ⚠️ ITM.F1.F728HS84.B1084.U18.DNR.CSV
      ⚠️ ITM.F1.F728HS84.B1084.VR.KONTO.CSV
      ⚠️ ITM.F1.F728HS84.B1084.VRLAAN.CSV
   - Files with errors: 0
   - Final columns: 17 columns

🏦 Bank 1801:
   - Categories merged: 17
      ✅ BM-KUNDER MED DATTERAVTALE
      ✅ BM-KUNDER MED GARANTIKONTO
      ✅ BM-KUNDER MED LÅN
      ✅ BM-KUNDER MED VALUTAKONTO
      ✅ BM-KUNDER MED VALUTALAAN
      ✅ BM-KUNDER MED kassekreditter
      ✅ KUNDER 18-34 ÅR UTEN BSU
      ✅ KUNDER MED BEVILGNING
      ✅ KUNDER MED KREDITTKORT
      ✅ KUNDER MED LÅN
      ✅ KUNDER MED UTENLANDSADRESSE
      ✅ KUNDER MED VALUTAKONTO
      ✅ KUNDER OVER 18 ÅR
      ✅ KUNDER OVER 18 ÅR MED D-NUMMER
      ✅ KUNDER UNDER 18 ÅR
      ✅ KUNDER UNDER 18 ÅR MED D-NUMMER
      ✅ P-KUNDER MED VALUTALAAN
   - Bank does not have category types: 0
   - Files with errors: 0
   - Final columns: 19 columns

🏦 Bank 2085:
   - Categories merged: 12
      ✅ BM-KUNDER MED DATTERAVTALE
      ✅ BM-KUNDER MED GARANTIKONTO
      ✅ BM-KUNDER MED LÅN
      ✅ BM-KUNDER MED kassekreditter
      ✅ KUNDER 18-34 ÅR UTEN BSU
      ✅ KUNDER MED BEVILGNING
      ✅ KUNDER MED KREDITTKORT
      ✅ KUNDER MED LÅN
      ✅ KUNDER MED UTENLANDSADRESSE
      ✅ KUNDER OVER 18 ÅR
      ✅ KUNDER OVER 18 ÅR MED D-NUMMER
      ✅ KUNDER UNDER 18 ÅR
   - Bank does not have category types: 5
      ⚠️ ITM.F1.F728BS91.B2085.VR.KONTO.CSV.BM
      ⚠️ ITM.F1.F728BS91.B2085.VRLAAN.CSV.BM
      ⚠️ ITM.F1.F728HS84.B2085.U18.DNR.CSV
      ⚠️ ITM.F1.F728HS84.B2085.VR.KONTO.CSV
      ⚠️ ITM.F1.F728HS84.B2085.VRLAAN.CSV
   - Files with errors: 0
   - Final columns: 17 columns

🏦 Bank 2096:
   - Categories merged: 12
      ✅ BM-KUNDER MED GARANTIKONTO
      ✅ BM-KUNDER MED LÅN
      ✅ BM-KUNDER MED kassekreditter
      ✅ KUNDER 18-34 ÅR UTEN BSU
      ✅ KUNDER MED BEVILGNING
      ✅ KUNDER MED KREDITTKORT
      ✅ KUNDER MED LÅN
      ✅ KUNDER MED UTENLANDSADRESSE
      ✅ KUNDER OVER 18 ÅR
      ✅ KUNDER OVER 18 ÅR MED D-NUMMER
      ✅ KUNDER UNDER 18 ÅR
      ✅ KUNDER UNDER 18 ÅR MED D-NUMMER
   - Bank does not have category types: 5
      ⚠️ ITM.F1.F728BS91.B2096.DATTER.CSV.BM
      ⚠️ ITM.F1.F728BS91.B2096.VR.KONTO.CSV.BM
      ⚠️ ITM.F1.F728BS91.B2096.VRLAAN.CSV.BM
      ⚠️ ITM.F1.F728HS84.B2096.VR.KONTO.CSV
      ⚠️ ITM.F1.F728HS84.B2096.VRLAAN.CSV
   - Files with errors: 0
   - Final columns: 16 columns

🏦 Bank 2289:
   - Categories merged: 12
      ✅ BM-KUNDER MED DATTERAVTALE
      ✅ BM-KUNDER MED GARANTIKONTO
      ✅ BM-KUNDER MED LÅN
      ✅ BM-KUNDER MED kassekreditter
      ✅ KUNDER 18-34 ÅR UTEN BSU
      ✅ KUNDER MED BEVILGNING
      ✅ KUNDER MED KREDITTKORT
      ✅ KUNDER MED LÅN
      ✅ KUNDER MED UTENLANDSADRESSE
      ✅ KUNDER OVER 18 ÅR
      ✅ KUNDER OVER 18 ÅR MED D-NUMMER
      ✅ KUNDER UNDER 18 ÅR
   - Bank does not have category types: 5
      ⚠️ ITM.F1.F728BS91.B2289.VR.KONTO.CSV.BM
      ⚠️ ITM.F1.F728BS91.B2289.VRLAAN.CSV.BM
      ⚠️ ITM.F1.F728HS84.B2289.U18.DNR.CSV
      ⚠️ ITM.F1.F728HS84.B2289.VR.KONTO.CSV
      ⚠️ ITM.F1.F728HS84.B2289.VRLAAN.CSV
   - Files with errors: 0
   - Final columns: 17 columns

🏦 Bank 2329:
   - Categories merged: 12
      ✅ BM-KUNDER MED DATTERAVTALE
      ✅ BM-KUNDER MED GARANTIKONTO
      ✅ BM-KUNDER MED LÅN
      ✅ BM-KUNDER MED kassekreditter
      ✅ KUNDER 18-34 ÅR UTEN BSU
      ✅ KUNDER MED BEVILGNING
      ✅ KUNDER MED KREDITTKORT
      ✅ KUNDER MED LÅN
      ✅ KUNDER MED UTENLANDSADRESSE
      ✅ KUNDER OVER 18 ÅR
      ✅ KUNDER OVER 18 ÅR MED D-NUMMER
      ✅ KUNDER UNDER 18 ÅR
   - Bank does not have category types: 5
      ⚠️ ITM.F1.F728BS91.B2329.VR.KONTO.CSV.BM
      ⚠️ ITM.F1.F728BS91.B2329.VRLAAN.CSV.BM
      ⚠️ ITM.F1.F728HS84.B2329.U18.DNR.CSV
      ⚠️ ITM.F1.F728HS84.B2329.VR.KONTO.CSV
      ⚠️ ITM.F1.F728HS84.B2329.VRLAAN.CSV
   - Files with errors: 0
   - Final columns: 17 columns

🏦 Bank 2489:
   - Categories merged: 12
      ✅ BM-KUNDER MED DATTERAVTALE
      ✅ BM-KUNDER MED GARANTIKONTO
      ✅ BM-KUNDER MED LÅN
      ✅ BM-KUNDER MED kassekreditter
      ✅ KUNDER 18-34 ÅR UTEN BSU
      ✅ KUNDER MED BEVILGNING
      ✅ KUNDER MED KREDITTKORT
      ✅ KUNDER MED LÅN
      ✅ KUNDER MED UTENLANDSADRESSE
      ✅ KUNDER OVER 18 ÅR
      ✅ KUNDER OVER 18 ÅR MED D-NUMMER
      ✅ KUNDER UNDER 18 ÅR
   - Bank does not have category types: 5
      ⚠️ ITM.F1.F728BS91.B2489.VR.KONTO.CSV.BM
      ⚠️ ITM.F1.F728BS91.B2489.VRLAAN.CSV.BM
      ⚠️ ITM.F1.F728HS84.B2489.U18.DNR.CSV
      ⚠️ ITM.F1.F728HS84.B2489.VR.KONTO.CSV
      ⚠️ ITM.F1.F728HS84.B2489.VRLAAN.CSV
   - Files with errors: 0
   - Final columns: 17 columns

🏦 Bank 3229:
   - Categories merged: 17
      ✅ BM-KUNDER MED DATTERAVTALE
      ✅ BM-KUNDER MED GARANTIKONTO
      ✅ BM-KUNDER MED LÅN
      ✅ BM-KUNDER MED VALUTAKONTO
      ✅ BM-KUNDER MED VALUTALAAN
      ✅ BM-KUNDER MED kassekreditter
      ✅ KUNDER 18-34 ÅR UTEN BSU
      ✅ KUNDER MED BEVILGNING
      ✅ KUNDER MED KREDITTKORT
      ✅ KUNDER MED LÅN
      ✅ KUNDER MED UTENLANDSADRESSE
      ✅ KUNDER MED VALUTAKONTO
      ✅ KUNDER OVER 18 ÅR
      ✅ KUNDER OVER 18 ÅR MED D-NUMMER
      ✅ KUNDER UNDER 18 ÅR
      ✅ KUNDER UNDER 18 ÅR MED D-NUMMER
      ✅ P-KUNDER MED VALUTALAAN
   - Bank does not have category types: 0
   - Files with errors: 0
   - Final columns: 19 columns

🏦 Bank 3702:
   - Categories merged: 16
      ✅ BM-KUNDER MED DATTERAVTALE
      ✅ BM-KUNDER MED GARANTIKONTO
      ✅ BM-KUNDER MED LÅN
      ✅ BM-KUNDER MED VALUTAKONTO
      ✅ BM-KUNDER MED VALUTALAAN
      ✅ BM-KUNDER MED kassekreditter
      ✅ KUNDER 18-34 ÅR UTEN BSU
      ✅ KUNDER MED BEVILGNING
      ✅ KUNDER MED KREDITTKORT
      ✅ KUNDER MED LÅN
      ✅ KUNDER MED UTENLANDSADRESSE
      ✅ KUNDER MED VALUTAKONTO
      ✅ KUNDER OVER 18 ÅR
      ✅ KUNDER OVER 18 ÅR MED D-NUMMER
      ✅ KUNDER UNDER 18 ÅR
      ✅ P-KUNDER MED VALUTALAAN
   - Bank does not have category types: 1
      ⚠️ ITM.F1.F728HS84.B3702.U18.DNR.CSV
   - Files with errors: 0
   - Final columns: 19 columns

🏦 Bank 3920:
   - Categories merged: 12
      ✅ BM-KUNDER MED DATTERAVTALE
      ✅ BM-KUNDER MED GARANTIKONTO
      ✅ BM-KUNDER MED LÅN
      ✅ BM-KUNDER MED kassekreditter
      ✅ KUNDER 18-34 ÅR UTEN BSU
      ✅ KUNDER MED BEVILGNING
      ✅ KUNDER MED KREDITTKORT
      ✅ KUNDER MED LÅN
      ✅ KUNDER MED UTENLANDSADRESSE
      ✅ KUNDER OVER 18 ÅR
      ✅ KUNDER OVER 18 ÅR MED D-NUMMER
      ✅ KUNDER UNDER 18 ÅR
   - Bank does not have category types: 5
      ⚠️ ITM.F1.F728BS91.B3920.VR.KONTO.CSV.BM
      ⚠️ ITM.F1.F728BS91.B3920.VRLAAN.CSV.BM
      ⚠️ ITM.F1.F728HS84.B3920.U18.DNR.CSV
      ⚠️ ITM.F1.F728HS84.B3920.VR.KONTO.CSV
      ⚠️ ITM.F1.F728HS84.B3920.VRLAAN.CSV
   - Files with errors: 0
   - Final columns: 17 columns

🏦 Bank 4210:
   - Categories merged: 16
      ✅ BM-KUNDER MED DATTERAVTALE
      ✅ BM-KUNDER MED GARANTIKONTO
      ✅ BM-KUNDER MED LÅN
      ✅ BM-KUNDER MED VALUTAKONTO
      ✅ BM-KUNDER MED VALUTALAAN
      ✅ BM-KUNDER MED kassekreditter
      ✅ KUNDER 18-34 ÅR UTEN BSU
      ✅ KUNDER MED BEVILGNING
      ✅ KUNDER MED KREDITTKORT
      ✅ KUNDER MED LÅN
      ✅ KUNDER MED UTENLANDSADRESSE
      ✅ KUNDER MED VALUTAKONTO
      ✅ KUNDER OVER 18 ÅR
      ✅ KUNDER OVER 18 ÅR MED D-NUMMER
      ✅ KUNDER UNDER 18 ÅR
      ✅ P-KUNDER MED VALUTALAAN
   - Bank does not have category types: 1
      ⚠️ ITM.F1.F728HS84.B4210.U18.DNR.CSV
   - Files with errors: 0
   - Final columns: 19 columns

🏦 Bank 4519:
   - Categories merged: 13
      ✅ BM-KUNDER MED DATTERAVTALE
      ✅ BM-KUNDER MED GARANTIKONTO
      ✅ BM-KUNDER MED LÅN
      ✅ BM-KUNDER MED VALUTAKONTO
      ✅ BM-KUNDER MED kassekreditter
      ✅ KUNDER 18-34 ÅR UTEN BSU
      ✅ KUNDER MED BEVILGNING
      ✅ KUNDER MED LÅN
      ✅ KUNDER MED UTENLANDSADRESSE
      ✅ KUNDER OVER 18 ÅR
      ✅ KUNDER OVER 18 ÅR MED D-NUMMER
      ✅ KUNDER UNDER 18 ÅR
      ✅ KUNDER UNDER 18 ÅR MED D-NUMMER
   - Bank does not have category types: 4
      ⚠️ ITM.F1.F728BS91.B4519.VRLAAN.CSV.BM
      ⚠️ ITM.F1.F728HS84.B4519.KRED.KORT.CSV
      ⚠️ ITM.F1.F728HS84.B4519.VR.KONTO.CSV
      ⚠️ ITM.F1.F728HS84.B4519.VRLAAN.CSV
   - Files with errors: 0
   - Final columns: 18 columns

🏦 Bank 4702:
   - Categories merged: 17
      ✅ BM-KUNDER MED DATTERAVTALE
      ✅ BM-KUNDER MED GARANTIKONTO
      ✅ BM-KUNDER MED LÅN
      ✅ BM-KUNDER MED VALUTAKONTO
      ✅ BM-KUNDER MED VALUTALAAN
      ✅ BM-KUNDER MED kassekreditter
      ✅ KUNDER 18-34 ÅR UTEN BSU
      ✅ KUNDER MED BEVILGNING
      ✅ KUNDER MED KREDITTKORT
      ✅ KUNDER MED LÅN
      ✅ KUNDER MED UTENLANDSADRESSE
      ✅ KUNDER MED VALUTAKONTO
      ✅ KUNDER OVER 18 ÅR
      ✅ KUNDER OVER 18 ÅR MED D-NUMMER
      ✅ KUNDER UNDER 18 ÅR
      ✅ KUNDER UNDER 18 ÅR MED D-NUMMER
      ✅ P-KUNDER MED VALUTALAAN
   - Bank does not have category types: 0
   - Files with errors: 0
   - Final columns: 19 columns

[2025-07-06 15:08:12] Using bank 3229 as reference with 19 file types.
[2025-07-06 15:08:12] ✅ All banks have consistent file sets.
[2025-07-06 15:08:32] ✅ Saved PM Excel: /home/e787335/Git/data-scraper/Out_Exel_Exports_20250706/1084_20250706.xlsx
[2025-07-06 15:09:01] ✅ Enriched BM data with PAC for bank 1084
[2025-07-06 15:09:02] ✅ Saved BM Excel: /home/e787335/Git/data-scraper/Out_Exel_Exports_20250706/1084_BM_20250706.xlsx
[2025-07-06 15:09:29] ✅ Saved PM Excel: /home/e787335/Git/data-scraper/Out_Exel_Exports_20250706/1801_20250706.xlsx
[2025-07-06 15:10:05] ✅ Enriched BM data with PAC for bank 1801
[2025-07-06 15:10:06] ✅ Saved BM Excel: /home/e787335/Git/data-scraper/Out_Exel_Exports_20250706/1801_BM_20250706.xlsx
[2025-07-06 15:10:20] ✅ Saved PM Excel: /home/e787335/Git/data-scraper/Out_Exel_Exports_20250706/2085_20250706.xlsx
[2025-07-06 15:10:49] ✅ Enriched BM data with PAC for bank 2085
[2025-07-06 15:10:49] ✅ Saved BM Excel: /home/e787335/Git/data-scraper/Out_Exel_Exports_20250706/2085_BM_20250706.xlsx
[2025-07-06 15:11:08] ✅ Saved PM Excel: /home/e787335/Git/data-scraper/Out_Exel_Exports_20250706/2096_20250706.xlsx
[2025-07-06 15:11:37] ✅ Enriched BM data with PAC for bank 2096
[2025-07-06 15:11:37] ✅ Saved BM Excel: /home/e787335/Git/data-scraper/Out_Exel_Exports_20250706/2096_BM_20250706.xlsx
[2025-07-06 15:11:57] ✅ Saved PM Excel: /home/e787335/Git/data-scraper/Out_Exel_Exports_20250706/2289_20250706.xlsx
[2025-07-06 15:12:27] ✅ Enriched BM data with PAC for bank 2289
[2025-07-06 15:12:27] ✅ Saved BM Excel: /home/e787335/Git/data-scraper/Out_Exel_Exports_20250706/2289_BM_20250706.xlsx
[2025-07-06 15:12:46] ✅ Saved PM Excel: /home/e787335/Git/data-scraper/Out_Exel_Exports_20250706/2329_20250706.xlsx
[2025-07-06 15:13:15] ✅ Enriched BM data with PAC for bank 2329
[2025-07-06 15:13:16] ✅ Saved BM Excel: /home/e787335/Git/data-scraper/Out_Exel_Exports_20250706/2329_BM_20250706.xlsx
[2025-07-06 15:13:35] ✅ Saved PM Excel: /home/e787335/Git/data-scraper/Out_Exel_Exports_20250706/2489_20250706.xlsx
[2025-07-06 15:14:08] ✅ Enriched BM data with PAC for bank 2489
[2025-07-06 15:14:09] ✅ Saved BM Excel: /home/e787335/Git/data-scraper/Out_Exel_Exports_20250706/2489_BM_20250706.xlsx
[2025-07-06 15:14:31] ✅ Saved PM Excel: /home/e787335/Git/data-scraper/Out_Exel_Exports_20250706/3229_20250706.xlsx
[2025-07-06 15:15:08] ✅ Enriched BM data with PAC for bank 3229
[2025-07-06 15:15:10] ✅ Saved BM Excel: /home/e787335/Git/data-scraper/Out_Exel_Exports_20250706/3229_BM_20250706.xlsx
[2025-07-06 15:15:31] ✅ Saved PM Excel: /home/e787335/Git/data-scraper/Out_Exel_Exports_20250706/3702_20250706.xlsx
[2025-07-06 15:16:01] ✅ Enriched BM data with PAC for bank 3702
[2025-07-06 15:16:02] ✅ Saved BM Excel: /home/e787335/Git/data-scraper/Out_Exel_Exports_20250706/3702_BM_20250706.xlsx
[2025-07-06 15:16:20] ✅ Saved PM Excel: /home/e787335/Git/data-scraper/Out_Exel_Exports_20250706/3920_20250706.xlsx
[2025-07-06 15:16:49] ✅ Enriched BM data with PAC for bank 3920
[2025-07-06 15:16:49] ✅ Saved BM Excel: /home/e787335/Git/data-scraper/Out_Exel_Exports_20250706/3920_BM_20250706.xlsx
[2025-07-06 15:17:11] ✅ Saved PM Excel: /home/e787335/Git/data-scraper/Out_Exel_Exports_20250706/4210_20250706.xlsx
[2025-07-06 15:17:48] ✅ Enriched BM data with PAC for bank 4210
[2025-07-06 15:17:49] ✅ Saved BM Excel: /home/e787335/Git/data-scraper/Out_Exel_Exports_20250706/4210_BM_20250706.xlsx
[2025-07-06 15:18:08] ✅ Saved PM Excel: /home/e787335/Git/data-scraper/Out_Exel_Exports_20250706/4519_20250706.xlsx
[2025-07-06 15:18:37] ✅ Enriched BM data with PAC for bank 4519
[2025-07-06 15:18:38] ✅ Saved BM Excel: /home/e787335/Git/data-scraper/Out_Exel_Exports_20250706/4519_BM_20250706.xlsx
[2025-07-06 15:19:00] ✅ Saved PM Excel: /home/e787335/Git/data-scraper/Out_Exel_Exports_20250706/4702_20250706.xlsx
[2025-07-06 15:19:36] ✅ Enriched BM data with PAC for bank 4702
[2025-07-06 15:19:37] ✅ Saved BM Excel: /home/e787335/Git/data-scraper/Out_Exel_Exports_20250706/4702_BM_20250706.xlsx
[2025-07-06 15:33:54] Using bank 3229 as reference with 19 file types.
[2025-07-06 15:33:54] ✅ All banks have consistent file sets.
[2025-07-06 15:34:14] ✅ Saved PM Excel: /home/e787335/Git/data-scraper/Out_Exel_Exports_20250706/1084_20250706.xlsx
[2025-07-06 15:34:42] ✅ Enriched BM data with PAC for bank 1084
[2025-07-06 15:34:42] ✅ Saved BM Excel: /home/e787335/Git/data-scraper/Out_Exel_Exports_20250706/1084_BM_20250706.xlsx
[2025-07-06 15:35:05] ✅ Saved PM Excel: /home/e787335/Git/data-scraper/Out_Exel_Exports_20250706/1801_20250706.xlsx
[2025-07-06 15:35:40] ✅ Enriched BM data with PAC for bank 1801
[2025-07-06 15:35:41] ✅ Saved BM Excel: /home/e787335/Git/data-scraper/Out_Exel_Exports_20250706/1801_BM_20250706.xlsx
[2025-07-06 15:35:55] ✅ Saved PM Excel: /home/e787335/Git/data-scraper/Out_Exel_Exports_20250706/2085_20250706.xlsx
[2025-07-06 15:36:22] ✅ Enriched BM data with PAC for bank 2085
[2025-07-06 15:36:22] ✅ Saved BM Excel: /home/e787335/Git/data-scraper/Out_Exel_Exports_20250706/2085_BM_20250706.xlsx
[2025-07-06 15:36:40] ✅ Saved PM Excel: /home/e787335/Git/data-scraper/Out_Exel_Exports_20250706/2096_20250706.xlsx
[2025-07-06 15:37:08] ✅ Enriched BM data with PAC for bank 2096
[2025-07-06 15:37:08] ✅ Saved BM Excel: /home/e787335/Git/data-scraper/Out_Exel_Exports_20250706/2096_BM_20250706.xlsx
[2025-07-06 15:37:27] ✅ Saved PM Excel: /home/e787335/Git/data-scraper/Out_Exel_Exports_20250706/2289_20250706.xlsx
[2025-07-06 15:37:55] ✅ Enriched BM data with PAC for bank 2289
[2025-07-06 15:37:56] ✅ Saved BM Excel: /home/e787335/Git/data-scraper/Out_Exel_Exports_20250706/2289_BM_20250706.xlsx
[2025-07-06 15:38:13] ✅ Saved PM Excel: /home/e787335/Git/data-scraper/Out_Exel_Exports_20250706/2329_20250706.xlsx
[2025-07-06 15:38:40] ✅ Enriched BM data with PAC for bank 2329
[2025-07-06 15:38:41] ✅ Saved BM Excel: /home/e787335/Git/data-scraper/Out_Exel_Exports_20250706/2329_BM_20250706.xlsx
[2025-07-06 15:39:00] ✅ Saved PM Excel: /home/e787335/Git/data-scraper/Out_Exel_Exports_20250706/2489_20250706.xlsx
[2025-07-06 15:39:31] ✅ Enriched BM data with PAC for bank 2489
[2025-07-06 15:39:32] ✅ Saved BM Excel: /home/e787335/Git/data-scraper/Out_Exel_Exports_20250706/2489_BM_20250706.xlsx
[2025-07-06 15:39:53] ✅ Saved PM Excel: /home/e787335/Git/data-scraper/Out_Exel_Exports_20250706/3229_20250706.xlsx
[2025-07-06 15:40:28] ✅ Enriched BM data with PAC for bank 3229
[2025-07-06 15:40:30] ✅ Saved BM Excel: /home/e787335/Git/data-scraper/Out_Exel_Exports_20250706/3229_BM_20250706.xlsx
[2025-07-06 15:40:50] ✅ Saved PM Excel: /home/e787335/Git/data-scraper/Out_Exel_Exports_20250706/3702_20250706.xlsx
[2025-07-06 15:41:19] ✅ Enriched BM data with PAC for bank 3702
[2025-07-06 15:41:19] ✅ Saved BM Excel: /home/e787335/Git/data-scraper/Out_Exel_Exports_20250706/3702_BM_20250706.xlsx
[2025-07-06 15:41:38] ✅ Saved PM Excel: /home/e787335/Git/data-scraper/Out_Exel_Exports_20250706/3920_20250706.xlsx
[2025-07-06 15:42:05] ✅ Enriched BM data with PAC for bank 3920
[2025-07-06 15:42:06] ✅ Saved BM Excel: /home/e787335/Git/data-scraper/Out_Exel_Exports_20250706/3920_BM_20250706.xlsx
[2025-07-06 15:42:26] ✅ Saved PM Excel: /home/e787335/Git/data-scraper/Out_Exel_Exports_20250706/4210_20250706.xlsx
[2025-07-06 15:43:02] ✅ Enriched BM data with PAC for bank 4210
[2025-07-06 15:43:03] ✅ Saved BM Excel: /home/e787335/Git/data-scraper/Out_Exel_Exports_20250706/4210_BM_20250706.xlsx
[2025-07-06 15:43:21] ✅ Saved PM Excel: /home/e787335/Git/data-scraper/Out_Exel_Exports_20250706/4519_20250706.xlsx
[2025-07-06 15:43:49] ✅ Enriched BM data with PAC for bank 4519
[2025-07-06 15:43:49] ✅ Saved BM Excel: /home/e787335/Git/data-scraper/Out_Exel_Exports_20250706/4519_BM_20250706.xlsx
[2025-07-06 15:44:11] ✅ Saved PM Excel: /home/e787335/Git/data-scraper/Out_Exel_Exports_20250706/4702_20250706.xlsx
[2025-07-06 15:44:44] ✅ Enriched BM data with PAC for bank 4702
[2025-07-06 15:44:45] ✅ Saved BM Excel: /home/e787335/Git/data-scraper/Out_Exel_Exports_20250706/4702_BM_20250706.xlsx

📦 Script Summary
   - Processed 13 banks

🏦 Bank 1084:
   - Categories merged: 12
      ✅ BM-KUNDER MED DATTERAVTALE
      ✅ BM-KUNDER MED GARANTIKONTO
      ✅ BM-KUNDER MED LÅN
      ✅ BM-KUNDER MED kassekreditter
      ✅ KUNDER 18-34 ÅR UTEN BSU
      ✅ KUNDER MED BEVILGNING
      ✅ KUNDER MED KREDITTKORT
      ✅ KUNDER MED LÅN
      ✅ KUNDER MED UTENLANDSADRESSE
      ✅ KUNDER OVER 18 ÅR
      ✅ KUNDER OVER 18 ÅR MED D-NUMMER
      ✅ KUNDER UNDER 18 ÅR
   - Bank does not have category types: 5
      ⚠️ ITM.F1.F728BS91.B1084.VR.KONTO.CSV.BM
      ⚠️ ITM.F1.F728BS91.B1084.VRLAAN.CSV.BM
      ⚠️ ITM.F1.F728HS84.B1084.U18.DNR.CSV
      ⚠️ ITM.F1.F728HS84.B1084.VR.KONTO.CSV
      ⚠️ ITM.F1.F728HS84.B1084.VRLAAN.CSV
   - Files with errors: 0
   - Final columns: 17 columns

🏦 Bank 1801:
   - Categories merged: 17
      ✅ BM-KUNDER MED DATTERAVTALE
      ✅ BM-KUNDER MED GARANTIKONTO
      ✅ BM-KUNDER MED LÅN
      ✅ BM-KUNDER MED VALUTAKONTO
      ✅ BM-KUNDER MED VALUTALAAN
      ✅ BM-KUNDER MED kassekreditter
      ✅ KUNDER 18-34 ÅR UTEN BSU
      ✅ KUNDER MED BEVILGNING
      ✅ KUNDER MED KREDITTKORT
      ✅ KUNDER MED LÅN
      ✅ KUNDER MED UTENLANDSADRESSE
      ✅ KUNDER MED VALUTAKONTO
      ✅ KUNDER OVER 18 ÅR
      ✅ KUNDER OVER 18 ÅR MED D-NUMMER
      ✅ KUNDER UNDER 18 ÅR
      ✅ KUNDER UNDER 18 ÅR MED D-NUMMER
      ✅ P-KUNDER MED VALUTALAAN
   - Bank does not have category types: 0
   - Files with errors: 0
   - Final columns: 19 columns

🏦 Bank 2085:
   - Categories merged: 12
      ✅ BM-KUNDER MED DATTERAVTALE
      ✅ BM-KUNDER MED GARANTIKONTO
      ✅ BM-KUNDER MED LÅN
      ✅ BM-KUNDER MED kassekreditter
      ✅ KUNDER 18-34 ÅR UTEN BSU
      ✅ KUNDER MED BEVILGNING
      ✅ KUNDER MED KREDITTKORT
      ✅ KUNDER MED LÅN
      ✅ KUNDER MED UTENLANDSADRESSE
      ✅ KUNDER OVER 18 ÅR
      ✅ KUNDER OVER 18 ÅR MED D-NUMMER
      ✅ KUNDER UNDER 18 ÅR
   - Bank does not have category types: 5
      ⚠️ ITM.F1.F728BS91.B2085.VR.KONTO.CSV.BM
      ⚠️ ITM.F1.F728BS91.B2085.VRLAAN.CSV.BM
      ⚠️ ITM.F1.F728HS84.B2085.U18.DNR.CSV
      ⚠️ ITM.F1.F728HS84.B2085.VR.KONTO.CSV
      ⚠️ ITM.F1.F728HS84.B2085.VRLAAN.CSV
   - Files with errors: 0
   - Final columns: 17 columns

🏦 Bank 2096:
   - Categories merged: 12
      ✅ BM-KUNDER MED GARANTIKONTO
      ✅ BM-KUNDER MED LÅN
      ✅ BM-KUNDER MED kassekreditter
      ✅ KUNDER 18-34 ÅR UTEN BSU
      ✅ KUNDER MED BEVILGNING
      ✅ KUNDER MED KREDITTKORT
      ✅ KUNDER MED LÅN
      ✅ KUNDER MED UTENLANDSADRESSE
      ✅ KUNDER OVER 18 ÅR
      ✅ KUNDER OVER 18 ÅR MED D-NUMMER
      ✅ KUNDER UNDER 18 ÅR
      ✅ KUNDER UNDER 18 ÅR MED D-NUMMER
   - Bank does not have category types: 5
      ⚠️ ITM.F1.F728BS91.B2096.DATTER.CSV.BM
      ⚠️ ITM.F1.F728BS91.B2096.VR.KONTO.CSV.BM
      ⚠️ ITM.F1.F728BS91.B2096.VRLAAN.CSV.BM
      ⚠️ ITM.F1.F728HS84.B2096.VR.KONTO.CSV
      ⚠️ ITM.F1.F728HS84.B2096.VRLAAN.CSV
   - Files with errors: 0
   - Final columns: 16 columns

🏦 Bank 2289:
   - Categories merged: 12
      ✅ BM-KUNDER MED DATTERAVTALE
      ✅ BM-KUNDER MED GARANTIKONTO
      ✅ BM-KUNDER MED LÅN
      ✅ BM-KUNDER MED kassekreditter
      ✅ KUNDER 18-34 ÅR UTEN BSU
      ✅ KUNDER MED BEVILGNING
      ✅ KUNDER MED KREDITTKORT
      ✅ KUNDER MED LÅN
      ✅ KUNDER MED UTENLANDSADRESSE
      ✅ KUNDER OVER 18 ÅR
      ✅ KUNDER OVER 18 ÅR MED D-NUMMER
      ✅ KUNDER UNDER 18 ÅR
   - Bank does not have category types: 5
      ⚠️ ITM.F1.F728BS91.B2289.VR.KONTO.CSV.BM
      ⚠️ ITM.F1.F728BS91.B2289.VRLAAN.CSV.BM
      ⚠️ ITM.F1.F728HS84.B2289.U18.DNR.CSV
      ⚠️ ITM.F1.F728HS84.B2289.VR.KONTO.CSV
      ⚠️ ITM.F1.F728HS84.B2289.VRLAAN.CSV
   - Files with errors: 0
   - Final columns: 17 columns

🏦 Bank 2329:
   - Categories merged: 12
      ✅ BM-KUNDER MED DATTERAVTALE
      ✅ BM-KUNDER MED GARANTIKONTO
      ✅ BM-KUNDER MED LÅN
      ✅ BM-KUNDER MED kassekreditter
      ✅ KUNDER 18-34 ÅR UTEN BSU
      ✅ KUNDER MED BEVILGNING
      ✅ KUNDER MED KREDITTKORT
      ✅ KUNDER MED LÅN
      ✅ KUNDER MED UTENLANDSADRESSE
      ✅ KUNDER OVER 18 ÅR
      ✅ KUNDER OVER 18 ÅR MED D-NUMMER
      ✅ KUNDER UNDER 18 ÅR
   - Bank does not have category types: 5
      ⚠️ ITM.F1.F728BS91.B2329.VR.KONTO.CSV.BM
      ⚠️ ITM.F1.F728BS91.B2329.VRLAAN.CSV.BM
      ⚠️ ITM.F1.F728HS84.B2329.U18.DNR.CSV
      ⚠️ ITM.F1.F728HS84.B2329.VR.KONTO.CSV
      ⚠️ ITM.F1.F728HS84.B2329.VRLAAN.CSV
   - Files with errors: 0
   - Final columns: 17 columns

🏦 Bank 2489:
   - Categories merged: 12
      ✅ BM-KUNDER MED DATTERAVTALE
      ✅ BM-KUNDER MED GARANTIKONTO
      ✅ BM-KUNDER MED LÅN
      ✅ BM-KUNDER MED kassekreditter
      ✅ KUNDER 18-34 ÅR UTEN BSU
      ✅ KUNDER MED BEVILGNING
      ✅ KUNDER MED KREDITTKORT
      ✅ KUNDER MED LÅN
      ✅ KUNDER MED UTENLANDSADRESSE
      ✅ KUNDER OVER 18 ÅR
      ✅ KUNDER OVER 18 ÅR MED D-NUMMER
      ✅ KUNDER UNDER 18 ÅR
   - Bank does not have category types: 5
      ⚠️ ITM.F1.F728BS91.B2489.VR.KONTO.CSV.BM
      ⚠️ ITM.F1.F728BS91.B2489.VRLAAN.CSV.BM
      ⚠️ ITM.F1.F728HS84.B2489.U18.DNR.CSV
      ⚠️ ITM.F1.F728HS84.B2489.VR.KONTO.CSV
      ⚠️ ITM.F1.F728HS84.B2489.VRLAAN.CSV
   - Files with errors: 0
   - Final columns: 17 columns

🏦 Bank 3229:
   - Categories merged: 17
      ✅ BM-KUNDER MED DATTERAVTALE
      ✅ BM-KUNDER MED GARANTIKONTO
      ✅ BM-KUNDER MED LÅN
      ✅ BM-KUNDER MED VALUTAKONTO
      ✅ BM-KUNDER MED VALUTALAAN
      ✅ BM-KUNDER MED kassekreditter
      ✅ KUNDER 18-34 ÅR UTEN BSU
      ✅ KUNDER MED BEVILGNING
      ✅ KUNDER MED KREDITTKORT
      ✅ KUNDER MED LÅN
      ✅ KUNDER MED UTENLANDSADRESSE
      ✅ KUNDER MED VALUTAKONTO
      ✅ KUNDER OVER 18 ÅR
      ✅ KUNDER OVER 18 ÅR MED D-NUMMER
      ✅ KUNDER UNDER 18 ÅR
      ✅ KUNDER UNDER 18 ÅR MED D-NUMMER
      ✅ P-KUNDER MED VALUTALAAN
   - Bank does not have category types: 0
   - Files with errors: 0
   - Final columns: 19 columns

🏦 Bank 3702:
   - Categories merged: 16
      ✅ BM-KUNDER MED DATTERAVTALE
      ✅ BM-KUNDER MED GARANTIKONTO
      ✅ BM-KUNDER MED LÅN
      ✅ BM-KUNDER MED VALUTAKONTO
      ✅ BM-KUNDER MED VALUTALAAN
      ✅ BM-KUNDER MED kassekreditter
      ✅ KUNDER 18-34 ÅR UTEN BSU
      ✅ KUNDER MED BEVILGNING
      ✅ KUNDER MED KREDITTKORT
      ✅ KUNDER MED LÅN
      ✅ KUNDER MED UTENLANDSADRESSE
      ✅ KUNDER MED VALUTAKONTO
      ✅ KUNDER OVER 18 ÅR
      ✅ KUNDER OVER 18 ÅR MED D-NUMMER
      ✅ KUNDER UNDER 18 ÅR
      ✅ P-KUNDER MED VALUTALAAN
   - Bank does not have category types: 1
      ⚠️ ITM.F1.F728HS84.B3702.U18.DNR.CSV
   - Files with errors: 0
   - Final columns: 19 columns

🏦 Bank 3920:
   - Categories merged: 12
      ✅ BM-KUNDER MED DATTERAVTALE
      ✅ BM-KUNDER MED GARANTIKONTO
      ✅ BM-KUNDER MED LÅN
      ✅ BM-KUNDER MED kassekreditter
      ✅ KUNDER 18-34 ÅR UTEN BSU
      ✅ KUNDER MED BEVILGNING
      ✅ KUNDER MED KREDITTKORT
      ✅ KUNDER MED LÅN
      ✅ KUNDER MED UTENLANDSADRESSE
      ✅ KUNDER OVER 18 ÅR
      ✅ KUNDER OVER 18 ÅR MED D-NUMMER
      ✅ KUNDER UNDER 18 ÅR
   - Bank does not have category types: 5
      ⚠️ ITM.F1.F728BS91.B3920.VR.KONTO.CSV.BM
      ⚠️ ITM.F1.F728BS91.B3920.VRLAAN.CSV.BM
      ⚠️ ITM.F1.F728HS84.B3920.U18.DNR.CSV
      ⚠️ ITM.F1.F728HS84.B3920.VR.KONTO.CSV
      ⚠️ ITM.F1.F728HS84.B3920.VRLAAN.CSV
   - Files with errors: 0
   - Final columns: 17 columns

🏦 Bank 4210:
   - Categories merged: 16
      ✅ BM-KUNDER MED DATTERAVTALE
      ✅ BM-KUNDER MED GARANTIKONTO
      ✅ BM-KUNDER MED LÅN
      ✅ BM-KUNDER MED VALUTAKONTO
      ✅ BM-KUNDER MED VALUTALAAN
      ✅ BM-KUNDER MED kassekreditter
      ✅ KUNDER 18-34 ÅR UTEN BSU
      ✅ KUNDER MED BEVILGNING
      ✅ KUNDER MED KREDITTKORT
      ✅ KUNDER MED LÅN
      ✅ KUNDER MED UTENLANDSADRESSE
      ✅ KUNDER MED VALUTAKONTO
      ✅ KUNDER OVER 18 ÅR
      ✅ KUNDER OVER 18 ÅR MED D-NUMMER
      ✅ KUNDER UNDER 18 ÅR
      ✅ P-KUNDER MED VALUTALAAN
   - Bank does not have category types: 1
      ⚠️ ITM.F1.F728HS84.B4210.U18.DNR.CSV
   - Files with errors: 0
   - Final columns: 19 columns

🏦 Bank 4519:
   - Categories merged: 13
      ✅ BM-KUNDER MED DATTERAVTALE
      ✅ BM-KUNDER MED GARANTIKONTO
      ✅ BM-KUNDER MED LÅN
      ✅ BM-KUNDER MED VALUTAKONTO
      ✅ BM-KUNDER MED kassekreditter
      ✅ KUNDER 18-34 ÅR UTEN BSU
      ✅ KUNDER MED BEVILGNING
      ✅ KUNDER MED LÅN
      ✅ KUNDER MED UTENLANDSADRESSE
      ✅ KUNDER OVER 18 ÅR
      ✅ KUNDER OVER 18 ÅR MED D-NUMMER
      ✅ KUNDER UNDER 18 ÅR
      ✅ KUNDER UNDER 18 ÅR MED D-NUMMER
   - Bank does not have category types: 4
      ⚠️ ITM.F1.F728BS91.B4519.VRLAAN.CSV.BM
      ⚠️ ITM.F1.F728HS84.B4519.KRED.KORT.CSV
      ⚠️ ITM.F1.F728HS84.B4519.VR.KONTO.CSV
      ⚠️ ITM.F1.F728HS84.B4519.VRLAAN.CSV
   - Files with errors: 0
   - Final columns: 18 columns

🏦 Bank 4702:
   - Categories merged: 17
      ✅ BM-KUNDER MED DATTERAVTALE
      ✅ BM-KUNDER MED GARANTIKONTO
      ✅ BM-KUNDER MED LÅN
      ✅ BM-KUNDER MED VALUTAKONTO
      ✅ BM-KUNDER MED VALUTALAAN
      ✅ BM-KUNDER MED kassekreditter
      ✅ KUNDER 18-34 ÅR UTEN BSU
      ✅ KUNDER MED BEVILGNING
      ✅ KUNDER MED KREDITTKORT
      ✅ KUNDER MED LÅN
      ✅ KUNDER MED UTENLANDSADRESSE
      ✅ KUNDER MED VALUTAKONTO
      ✅ KUNDER OVER 18 ÅR
      ✅ KUNDER OVER 18 ÅR MED D-NUMMER
      ✅ KUNDER UNDER 18 ÅR
      ✅ KUNDER UNDER 18 ÅR MED D-NUMMER
      ✅ P-KUNDER MED VALUTALAAN
   - Bank does not have category types: 0
   - Files with errors: 0
   - Final columns: 19 columns

[2025-07-06 18:00:47] Using bank 3229 as reference with 19 file types.
[2025-07-06 18:00:47] ✅ All banks have consistent file sets.
[2025-07-06 18:01:07] ✅ Saved PM Excel: /home/e787335/Git/data-scraper/Out_Exel_Exports_20250706/1084_20250706.xlsx
[2025-07-06 18:01:35] ✅ Enriched BM data with PAC for bank 1084
[2025-07-06 18:01:35] ✅ Saved BM Excel: /home/e787335/Git/data-scraper/Out_Exel_Exports_20250706/1084_BM_20250706.xlsx
[2025-07-06 18:01:57] ✅ Saved PM Excel: /home/e787335/Git/data-scraper/Out_Exel_Exports_20250706/1801_20250706.xlsx
[2025-07-06 18:02:31] ✅ Enriched BM data with PAC for bank 1801
[2025-07-06 18:02:32] ✅ Saved BM Excel: /home/e787335/Git/data-scraper/Out_Exel_Exports_20250706/1801_BM_20250706.xlsx
[2025-07-06 18:02:46] ✅ Saved PM Excel: /home/e787335/Git/data-scraper/Out_Exel_Exports_20250706/2085_20250706.xlsx
[2025-07-06 18:03:12] ✅ Enriched BM data with PAC for bank 2085
[2025-07-06 18:03:13] ✅ Saved BM Excel: /home/e787335/Git/data-scraper/Out_Exel_Exports_20250706/2085_BM_20250706.xlsx
[2025-07-06 18:03:30] ✅ Saved PM Excel: /home/e787335/Git/data-scraper/Out_Exel_Exports_20250706/2096_20250706.xlsx
[2025-07-06 18:03:58] ✅ Enriched BM data with PAC for bank 2096
[2025-07-06 18:03:58] ✅ Saved BM Excel: /home/e787335/Git/data-scraper/Out_Exel_Exports_20250706/2096_BM_20250706.xlsx
[2025-07-06 18:04:17] ✅ Saved PM Excel: /home/e787335/Git/data-scraper/Out_Exel_Exports_20250706/2289_20250706.xlsx
[2025-07-06 18:04:46] ✅ Enriched BM data with PAC for bank 2289
[2025-07-06 18:04:46] ✅ Saved BM Excel: /home/e787335/Git/data-scraper/Out_Exel_Exports_20250706/2289_BM_20250706.xlsx
[2025-07-06 18:05:05] ✅ Saved PM Excel: /home/e787335/Git/data-scraper/Out_Exel_Exports_20250706/2329_20250706.xlsx
[2025-07-06 18:05:33] ✅ Enriched BM data with PAC for bank 2329
[2025-07-06 18:05:33] ✅ Saved BM Excel: /home/e787335/Git/data-scraper/Out_Exel_Exports_20250706/2329_BM_20250706.xlsx
[2025-07-06 18:05:52] ✅ Saved PM Excel: /home/e787335/Git/data-scraper/Out_Exel_Exports_20250706/2489_20250706.xlsx
[2025-07-06 18:06:24] ✅ Enriched BM data with PAC for bank 2489
[2025-07-06 18:06:25] ✅ Saved BM Excel: /home/e787335/Git/data-scraper/Out_Exel_Exports_20250706/2489_BM_20250706.xlsx
[2025-07-06 18:06:47] ✅ Saved PM Excel: /home/e787335/Git/data-scraper/Out_Exel_Exports_20250706/3229_20250706.xlsx
[2025-07-06 18:07:23] ✅ Enriched BM data with PAC for bank 3229
[2025-07-06 18:07:24] ✅ Saved BM Excel: /home/e787335/Git/data-scraper/Out_Exel_Exports_20250706/3229_BM_20250706.xlsx
[2025-07-06 18:07:45] ✅ Saved PM Excel: /home/e787335/Git/data-scraper/Out_Exel_Exports_20250706/3702_20250706.xlsx
[2025-07-06 18:08:14] ✅ Enriched BM data with PAC for bank 3702
[2025-07-06 18:08:15] ✅ Saved BM Excel: /home/e787335/Git/data-scraper/Out_Exel_Exports_20250706/3702_BM_20250706.xlsx
[2025-07-06 18:08:33] ✅ Saved PM Excel: /home/e787335/Git/data-scraper/Out_Exel_Exports_20250706/3920_20250706.xlsx
[2025-07-06 18:09:01] ✅ Enriched BM data with PAC for bank 3920
[2025-07-06 18:09:01] ✅ Saved BM Excel: /home/e787335/Git/data-scraper/Out_Exel_Exports_20250706/3920_BM_20250706.xlsx
[2025-07-06 18:09:22] ✅ Saved PM Excel: /home/e787335/Git/data-scraper/Out_Exel_Exports_20250706/4210_20250706.xlsx
[2025-07-06 18:09:58] ✅ Enriched BM data with PAC for bank 4210
[2025-07-06 18:10:00] ✅ Saved BM Excel: /home/e787335/Git/data-scraper/Out_Exel_Exports_20250706/4210_BM_20250706.xlsx
[2025-07-06 18:10:18] ✅ Saved PM Excel: /home/e787335/Git/data-scraper/Out_Exel_Exports_20250706/4519_20250706.xlsx
[2025-07-06 18:10:47] ✅ Enriched BM data with PAC for bank 4519
[2025-07-06 18:10:47] ✅ Saved BM Excel: /home/e787335/Git/data-scraper/Out_Exel_Exports_20250706/4519_BM_20250706.xlsx
[2025-07-06 18:11:09] ✅ Saved PM Excel: /home/e787335/Git/data-scraper/Out_Exel_Exports_20250706/4702_20250706.xlsx
[2025-07-06 18:11:43] ✅ Enriched BM data with PAC for bank 4702
[2025-07-06 18:11:44] ✅ Saved BM Excel: /home/e787335/Git/data-scraper/Out_Exel_Exports_20250706/4702_BM_20250706.xlsx

📦 Script Summary
   - Processed 13 banks

🏦 Bank 1084:
   - Categories merged: 12
      ✅ BM-KUNDER MED DATTERAVTALE
      ✅ BM-KUNDER MED GARANTIKONTO
      ✅ BM-KUNDER MED LÅN
      ✅ BM-KUNDER MED kassekreditter
      ✅ KUNDER 18-34 ÅR UTEN BSU
      ✅ KUNDER MED BEVILGNING
      ✅ KUNDER MED KREDITTKORT
      ✅ KUNDER MED LÅN
      ✅ KUNDER MED UTENLANDSADRESSE
      ✅ KUNDER OVER 18 ÅR
      ✅ KUNDER OVER 18 ÅR MED D-NUMMER
      ✅ KUNDER UNDER 18 ÅR
   - Bank does not have category types: 5
      ⚠️ ITM.F1.F728BS91.B1084.VR.KONTO.CSV.BM
      ⚠️ ITM.F1.F728BS91.B1084.VRLAAN.CSV.BM
      ⚠️ ITM.F1.F728HS84.B1084.U18.DNR.CSV
      ⚠️ ITM.F1.F728HS84.B1084.VR.KONTO.CSV
      ⚠️ ITM.F1.F728HS84.B1084.VRLAAN.CSV
   - Files with errors: 0
   - Final columns: 17 columns

📊 Dataset Summary
   - Total rows: 825
   - Total columns: 17
   - Static columns: 8 → ['Konsernnummer', 'Kundenummer', 'Type Kunde', 'Ansvarskode', 'Fornavn                            ', 'Etternavn                          ', 'AVTALE_IDs', 'Users_PERSONNR:BRUKERTYPE']
   - Dynamic category columns: 9
   - Rows with multiple categories: 452

🏦 Bank 1801:
   - Categories merged: 17
      ✅ BM-KUNDER MED DATTERAVTALE
      ✅ BM-KUNDER MED GARANTIKONTO
      ✅ BM-KUNDER MED LÅN
      ✅ BM-KUNDER MED VALUTAKONTO
      ✅ BM-KUNDER MED VALUTALAAN
      ✅ BM-KUNDER MED kassekreditter
      ✅ KUNDER 18-34 ÅR UTEN BSU
      ✅ KUNDER MED BEVILGNING
      ✅ KUNDER MED KREDITTKORT
      ✅ KUNDER MED LÅN
      ✅ KUNDER MED UTENLANDSADRESSE
      ✅ KUNDER MED VALUTAKONTO
      ✅ KUNDER OVER 18 ÅR
      ✅ KUNDER OVER 18 ÅR MED D-NUMMER
      ✅ KUNDER UNDER 18 ÅR
      ✅ KUNDER UNDER 18 ÅR MED D-NUMMER
      ✅ P-KUNDER MED VALUTALAAN
   - Bank does not have category types: 0
   - Files with errors: 0
   - Final columns: 19 columns

📊 Dataset Summary
   - Total rows: 2668
   - Total columns: 19
   - Static columns: 8 → ['Konsernnummer', 'Kundenummer', 'Type Kunde', 'Ansvarskode', 'Fornavn                            ', 'Etternavn                          ', 'AVTALE_IDs', 'Users_PERSONNR:BRUKERTYPE']
   - Dynamic category columns: 11
   - Rows with multiple categories: 1363

🏦 Bank 2085:
   - Categories merged: 12
      ✅ BM-KUNDER MED DATTERAVTALE
      ✅ BM-KUNDER MED GARANTIKONTO
      ✅ BM-KUNDER MED LÅN
      ✅ BM-KUNDER MED kassekreditter
      ✅ KUNDER 18-34 ÅR UTEN BSU
      ✅ KUNDER MED BEVILGNING
      ✅ KUNDER MED KREDITTKORT
      ✅ KUNDER MED LÅN
      ✅ KUNDER MED UTENLANDSADRESSE
      ✅ KUNDER OVER 18 ÅR
      ✅ KUNDER OVER 18 ÅR MED D-NUMMER
      ✅ KUNDER UNDER 18 ÅR
   - Bank does not have category types: 5
      ⚠️ ITM.F1.F728BS91.B2085.VR.KONTO.CSV.BM
      ⚠️ ITM.F1.F728BS91.B2085.VRLAAN.CSV.BM
      ⚠️ ITM.F1.F728HS84.B2085.U18.DNR.CSV
      ⚠️ ITM.F1.F728HS84.B2085.VR.KONTO.CSV
      ⚠️ ITM.F1.F728HS84.B2085.VRLAAN.CSV
   - Files with errors: 0
   - Final columns: 17 columns

📊 Dataset Summary
   - Total rows: 518
   - Total columns: 17
   - Static columns: 8 → ['Konsernnummer', 'Kundenummer', 'Type Kunde', 'Ansvarskode', 'Fornavn                            ', 'Etternavn                          ', 'AVTALE_IDs', 'Users_PERSONNR:BRUKERTYPE']
   - Dynamic category columns: 9
   - Rows with multiple categories: 275

🏦 Bank 2096:
   - Categories merged: 12
      ✅ BM-KUNDER MED GARANTIKONTO
      ✅ BM-KUNDER MED LÅN
      ✅ BM-KUNDER MED kassekreditter
      ✅ KUNDER 18-34 ÅR UTEN BSU
      ✅ KUNDER MED BEVILGNING
      ✅ KUNDER MED KREDITTKORT
      ✅ KUNDER MED LÅN
      ✅ KUNDER MED UTENLANDSADRESSE
      ✅ KUNDER OVER 18 ÅR
      ✅ KUNDER OVER 18 ÅR MED D-NUMMER
      ✅ KUNDER UNDER 18 ÅR
      ✅ KUNDER UNDER 18 ÅR MED D-NUMMER
   - Bank does not have category types: 5
      ⚠️ ITM.F1.F728BS91.B2096.DATTER.CSV.BM
      ⚠️ ITM.F1.F728BS91.B2096.VR.KONTO.CSV.BM
      ⚠️ ITM.F1.F728BS91.B2096.VRLAAN.CSV.BM
      ⚠️ ITM.F1.F728HS84.B2096.VR.KONTO.CSV
      ⚠️ ITM.F1.F728HS84.B2096.VRLAAN.CSV
   - Files with errors: 0
   - Final columns: 16 columns

📊 Dataset Summary
   - Total rows: 571
   - Total columns: 16
   - Static columns: 8 → ['Konsernnummer', 'Kundenummer', 'Type Kunde', 'Ansvarskode', 'Fornavn                            ', 'Etternavn                          ', 'AVTALE_IDs', 'Users_PERSONNR:BRUKERTYPE']
   - Dynamic category columns: 8
   - Rows with multiple categories: 286

🏦 Bank 2289:
   - Categories merged: 12
      ✅ BM-KUNDER MED DATTERAVTALE
      ✅ BM-KUNDER MED GARANTIKONTO
      ✅ BM-KUNDER MED LÅN
      ✅ BM-KUNDER MED kassekreditter
      ✅ KUNDER 18-34 ÅR UTEN BSU
      ✅ KUNDER MED BEVILGNING
      ✅ KUNDER MED KREDITTKORT
      ✅ KUNDER MED LÅN
      ✅ KUNDER MED UTENLANDSADRESSE
      ✅ KUNDER OVER 18 ÅR
      ✅ KUNDER OVER 18 ÅR MED D-NUMMER
      ✅ KUNDER UNDER 18 ÅR
   - Bank does not have category types: 5
      ⚠️ ITM.F1.F728BS91.B2289.VR.KONTO.CSV.BM
      ⚠️ ITM.F1.F728BS91.B2289.VRLAAN.CSV.BM
      ⚠️ ITM.F1.F728HS84.B2289.U18.DNR.CSV
      ⚠️ ITM.F1.F728HS84.B2289.VR.KONTO.CSV
      ⚠️ ITM.F1.F728HS84.B2289.VRLAAN.CSV
   - Files with errors: 0
   - Final columns: 17 columns

📊 Dataset Summary
   - Total rows: 1051
   - Total columns: 17
   - Static columns: 8 → ['Konsernnummer', 'Kundenummer', 'Type Kunde', 'Ansvarskode', 'Fornavn                            ', 'Etternavn                          ', 'AVTALE_IDs', 'Users_PERSONNR:BRUKERTYPE']
   - Dynamic category columns: 9
   - Rows with multiple categories: 636

🏦 Bank 2329:
   - Categories merged: 12
      ✅ BM-KUNDER MED DATTERAVTALE
      ✅ BM-KUNDER MED GARANTIKONTO
      ✅ BM-KUNDER MED LÅN
      ✅ BM-KUNDER MED kassekreditter
      ✅ KUNDER 18-34 ÅR UTEN BSU
      ✅ KUNDER MED BEVILGNING
      ✅ KUNDER MED KREDITTKORT
      ✅ KUNDER MED LÅN
      ✅ KUNDER MED UTENLANDSADRESSE
      ✅ KUNDER OVER 18 ÅR
      ✅ KUNDER OVER 18 ÅR MED D-NUMMER
      ✅ KUNDER UNDER 18 ÅR
   - Bank does not have category types: 5
      ⚠️ ITM.F1.F728BS91.B2329.VR.KONTO.CSV.BM
      ⚠️ ITM.F1.F728BS91.B2329.VRLAAN.CSV.BM
      ⚠️ ITM.F1.F728HS84.B2329.U18.DNR.CSV
      ⚠️ ITM.F1.F728HS84.B2329.VR.KONTO.CSV
      ⚠️ ITM.F1.F728HS84.B2329.VRLAAN.CSV
   - Files with errors: 0
   - Final columns: 17 columns

📊 Dataset Summary
   - Total rows: 600
   - Total columns: 17
   - Static columns: 8 → ['Konsernnummer', 'Kundenummer', 'Type Kunde', 'Ansvarskode', 'Fornavn                            ', 'Etternavn                          ', 'AVTALE_IDs', 'Users_PERSONNR:BRUKERTYPE']
   - Dynamic category columns: 9
   - Rows with multiple categories: 294

🏦 Bank 2489:
   - Categories merged: 12
      ✅ BM-KUNDER MED DATTERAVTALE
      ✅ BM-KUNDER MED GARANTIKONTO
      ✅ BM-KUNDER MED LÅN
      ✅ BM-KUNDER MED kassekreditter
      ✅ KUNDER 18-34 ÅR UTEN BSU
      ✅ KUNDER MED BEVILGNING
      ✅ KUNDER MED KREDITTKORT
      ✅ KUNDER MED LÅN
      ✅ KUNDER MED UTENLANDSADRESSE
      ✅ KUNDER OVER 18 ÅR
      ✅ KUNDER OVER 18 ÅR MED D-NUMMER
      ✅ KUNDER UNDER 18 ÅR
   - Bank does not have category types: 5
      ⚠️ ITM.F1.F728BS91.B2489.VR.KONTO.CSV.BM
      ⚠️ ITM.F1.F728BS91.B2489.VRLAAN.CSV.BM
      ⚠️ ITM.F1.F728HS84.B2489.U18.DNR.CSV
      ⚠️ ITM.F1.F728HS84.B2489.VR.KONTO.CSV
      ⚠️ ITM.F1.F728HS84.B2489.VRLAAN.CSV
   - Files with errors: 0
   - Final columns: 17 columns

📊 Dataset Summary
   - Total rows: 2129
   - Total columns: 17
   - Static columns: 7 → ['Konsernnummer', 'Kundenummer', 'Ansvarskode', 'Fornavn                            ', 'Etternavn                          ', 'AVTALE_IDs', 'Users_PERSONNR:BRUKERTYPE']
   - Dynamic category columns: 10
   - Rows with multiple categories: 1146

🏦 Bank 3229:
   - Categories merged: 17
      ✅ BM-KUNDER MED DATTERAVTALE
      ✅ BM-KUNDER MED GARANTIKONTO
      ✅ BM-KUNDER MED LÅN
      ✅ BM-KUNDER MED VALUTAKONTO
      ✅ BM-KUNDER MED VALUTALAAN
      ✅ BM-KUNDER MED kassekreditter
      ✅ KUNDER 18-34 ÅR UTEN BSU
      ✅ KUNDER MED BEVILGNING
      ✅ KUNDER MED KREDITTKORT
      ✅ KUNDER MED LÅN
      ✅ KUNDER MED UTENLANDSADRESSE
      ✅ KUNDER MED VALUTAKONTO
      ✅ KUNDER OVER 18 ÅR
      ✅ KUNDER OVER 18 ÅR MED D-NUMMER
      ✅ KUNDER UNDER 18 ÅR
      ✅ KUNDER UNDER 18 ÅR MED D-NUMMER
      ✅ P-KUNDER MED VALUTALAAN
   - Bank does not have category types: 0
   - Files with errors: 0
   - Final columns: 19 columns

📊 Dataset Summary
   - Total rows: 3537
   - Total columns: 19
   - Static columns: 8 → ['Konsernnummer', 'Kundenummer', 'Type Kunde', 'Ansvarskode', 'Fornavn                            ', 'Etternavn                          ', 'AVTALE_IDs', 'Users_PERSONNR:BRUKERTYPE']
   - Dynamic category columns: 11
   - Rows with multiple categories: 1164

🏦 Bank 3702:
   - Categories merged: 16
      ✅ BM-KUNDER MED DATTERAVTALE
      ✅ BM-KUNDER MED GARANTIKONTO
      ✅ BM-KUNDER MED LÅN
      ✅ BM-KUNDER MED VALUTAKONTO
      ✅ BM-KUNDER MED VALUTALAAN
      ✅ BM-KUNDER MED kassekreditter
      ✅ KUNDER 18-34 ÅR UTEN BSU
      ✅ KUNDER MED BEVILGNING
      ✅ KUNDER MED KREDITTKORT
      ✅ KUNDER MED LÅN
      ✅ KUNDER MED UTENLANDSADRESSE
      ✅ KUNDER MED VALUTAKONTO
      ✅ KUNDER OVER 18 ÅR
      ✅ KUNDER OVER 18 ÅR MED D-NUMMER
      ✅ KUNDER UNDER 18 ÅR
      ✅ P-KUNDER MED VALUTALAAN
   - Bank does not have category types: 1
      ⚠️ ITM.F1.F728HS84.B3702.U18.DNR.CSV
   - Files with errors: 0
   - Final columns: 19 columns

📊 Dataset Summary
   - Total rows: 1643
   - Total columns: 19
   - Static columns: 7 → ['Konsernnummer', 'Kundenummer', 'Ansvarskode', 'Fornavn                            ', 'Etternavn                          ', 'AVTALE_IDs', 'Users_PERSONNR:BRUKERTYPE']
   - Dynamic category columns: 12
   - Rows with multiple categories: 622

🏦 Bank 3920:
   - Categories merged: 12
      ✅ BM-KUNDER MED DATTERAVTALE
      ✅ BM-KUNDER MED GARANTIKONTO
      ✅ BM-KUNDER MED LÅN
      ✅ BM-KUNDER MED kassekreditter
      ✅ KUNDER 18-34 ÅR UTEN BSU
      ✅ KUNDER MED BEVILGNING
      ✅ KUNDER MED KREDITTKORT
      ✅ KUNDER MED LÅN
      ✅ KUNDER MED UTENLANDSADRESSE
      ✅ KUNDER OVER 18 ÅR
      ✅ KUNDER OVER 18 ÅR MED D-NUMMER
      ✅ KUNDER UNDER 18 ÅR
   - Bank does not have category types: 5
      ⚠️ ITM.F1.F728BS91.B3920.VR.KONTO.CSV.BM
      ⚠️ ITM.F1.F728BS91.B3920.VRLAAN.CSV.BM
      ⚠️ ITM.F1.F728HS84.B3920.U18.DNR.CSV
      ⚠️ ITM.F1.F728HS84.B3920.VR.KONTO.CSV
      ⚠️ ITM.F1.F728HS84.B3920.VRLAAN.CSV
   - Files with errors: 0
   - Final columns: 17 columns

📊 Dataset Summary
   - Total rows: 1010
   - Total columns: 17
   - Static columns: 8 → ['Konsernnummer', 'Kundenummer', 'Type Kunde', 'Ansvarskode', 'Fornavn                            ', 'Etternavn                          ', 'AVTALE_IDs', 'Users_PERSONNR:BRUKERTYPE']
   - Dynamic category columns: 9
   - Rows with multiple categories: 476

🏦 Bank 4210:
   - Categories merged: 16
      ✅ BM-KUNDER MED DATTERAVTALE
      ✅ BM-KUNDER MED GARANTIKONTO
      ✅ BM-KUNDER MED LÅN
      ✅ BM-KUNDER MED VALUTAKONTO
      ✅ BM-KUNDER MED VALUTALAAN
      ✅ BM-KUNDER MED kassekreditter
      ✅ KUNDER 18-34 ÅR UTEN BSU
      ✅ KUNDER MED BEVILGNING
      ✅ KUNDER MED KREDITTKORT
      ✅ KUNDER MED LÅN
      ✅ KUNDER MED UTENLANDSADRESSE
      ✅ KUNDER MED VALUTAKONTO
      ✅ KUNDER OVER 18 ÅR
      ✅ KUNDER OVER 18 ÅR MED D-NUMMER
      ✅ KUNDER UNDER 18 ÅR
      ✅ P-KUNDER MED VALUTALAAN
   - Bank does not have category types: 1
      ⚠️ ITM.F1.F728HS84.B4210.U18.DNR.CSV
   - Files with errors: 0
   - Final columns: 19 columns

📊 Dataset Summary
   - Total rows: 3725
   - Total columns: 19
   - Static columns: 7 → ['Konsernnummer', 'Kundenummer', 'Ansvarskode', 'Fornavn                            ', 'Etternavn                          ', 'AVTALE_IDs', 'Users_PERSONNR:BRUKERTYPE']
   - Dynamic category columns: 12
   - Rows with multiple categories: 1691

🏦 Bank 4519:
   - Categories merged: 13
      ✅ BM-KUNDER MED DATTERAVTALE
      ✅ BM-KUNDER MED GARANTIKONTO
      ✅ BM-KUNDER MED LÅN
      ✅ BM-KUNDER MED VALUTAKONTO
      ✅ BM-KUNDER MED kassekreditter
      ✅ KUNDER 18-34 ÅR UTEN BSU
      ✅ KUNDER MED BEVILGNING
      ✅ KUNDER MED LÅN
      ✅ KUNDER MED UTENLANDSADRESSE
      ✅ KUNDER OVER 18 ÅR
      ✅ KUNDER OVER 18 ÅR MED D-NUMMER
      ✅ KUNDER UNDER 18 ÅR
      ✅ KUNDER UNDER 18 ÅR MED D-NUMMER
   - Bank does not have category types: 4
      ⚠️ ITM.F1.F728BS91.B4519.VRLAAN.CSV.BM
      ⚠️ ITM.F1.F728HS84.B4519.KRED.KORT.CSV
      ⚠️ ITM.F1.F728HS84.B4519.VR.KONTO.CSV
      ⚠️ ITM.F1.F728HS84.B4519.VRLAAN.CSV
   - Files with errors: 0
   - Final columns: 18 columns

📊 Dataset Summary
   - Total rows: 1136
   - Total columns: 18
   - Static columns: 8 → ['Konsernnummer', 'Kundenummer', 'Type Kunde', 'Ansvarskode', 'Fornavn                            ', 'Etternavn                          ', 'AVTALE_IDs', 'Users_PERSONNR:BRUKERTYPE']
   - Dynamic category columns: 10
   - Rows with multiple categories: 522

🏦 Bank 4702:
   - Categories merged: 17
      ✅ BM-KUNDER MED DATTERAVTALE
      ✅ BM-KUNDER MED GARANTIKONTO
      ✅ BM-KUNDER MED LÅN
      ✅ BM-KUNDER MED VALUTAKONTO
      ✅ BM-KUNDER MED VALUTALAAN
      ✅ BM-KUNDER MED kassekreditter
      ✅ KUNDER 18-34 ÅR UTEN BSU
      ✅ KUNDER MED BEVILGNING
      ✅ KUNDER MED KREDITTKORT
      ✅ KUNDER MED LÅN
      ✅ KUNDER MED UTENLANDSADRESSE
      ✅ KUNDER MED VALUTAKONTO
      ✅ KUNDER OVER 18 ÅR
      ✅ KUNDER OVER 18 ÅR MED D-NUMMER
      ✅ KUNDER UNDER 18 ÅR
      ✅ KUNDER UNDER 18 ÅR MED D-NUMMER
      ✅ P-KUNDER MED VALUTALAAN
   - Bank does not have category types: 0
   - Files with errors: 0
   - Final columns: 19 columns

📊 Dataset Summary
   - Total rows: 3064
   - Total columns: 19
   - Static columns: 8 → ['Konsernnummer', 'Kundenummer', 'Type Kunde', 'Ansvarskode', 'Fornavn                            ', 'Etternavn                          ', 'AVTALE_IDs', 'Users_PERSONNR:BRUKERTYPE']
   - Dynamic category columns: 11
   - Rows with multiple categories: 2329

